=============================
Users application screenshots
=============================

Here are some users application screenshots developed with Jam.py:

.. toctree::
   :maxdepth: 2

.. image:: _Maxwell/Max_01_jampy.png
	:scale: 65 %
	:align: center
	:alt: Jam.py Sistema Integrado de Gestão - IMS for Brazilian Market (Portuguese)
|
.. image:: _Maxwell/Max_02_jampy.png
	:scale: 65 %
	:align: center
	:alt: Jam.py Sistema Integrado de Gestão - IMS for Brazilian Market (Portuguese)
|
.. image:: _Maxwell/Max_03_jampy.png
	:scale: 65 %
	:align: center
	:alt: Jam.py Sistema Integrado de Gestão - IMS for Brazilian Market (Portuguese)
|
.. image:: _Maxwell/Max_04_jampy.png
	:scale: 65 %
	:align: center
	:alt: Jam.py Sistema Integrado de Gestão - IMS for Brazilian Market (Portuguese)
|
.. image:: _Maxwell/Max_05_jampy.png
	:scale: 65 %
	:align: center
	:alt: Jam.py Sistema Integrado de Gestão - IMS for Brazilian Market (Portuguese)
|
.. image:: _Maxwell/Max_06_jampy.png
	:scale: 65 %
	:align: center
	:alt: Jam.py Sistema Integrado de Gestão - IMS for Brazilian Market (Portuguese)
|
.. image:: _Maxwell/Max_07_jampy.png
	:scale: 65 %
	:align: center
	:alt: Jam.py Sistema Integrado de Gestão - IMS for Brazilian Market (Portuguese)
|
.. image:: _Maxwell/Max_08_jampy.png
	:scale: 65 %
	:align: center
	:alt: Jam.py Sistema Integrado de Gestão - IMS for Brazilian Market (Portuguese)
|
.. image:: _Maxwell/Max_09_jampy.png
	:scale: 65 %
	:align: center
	:alt: Jam.py Sistema Integrado de Gestão - IMS for Brazilian Market (Portuguese)
|
.. image:: _Maxwell/Max_010_jampy.png
	:scale: 65 %
	:align: center
	:alt: Jam.py Sistema Integrado de Gestão - IMS for Brazilian Market (Portuguese)
|
.. image:: _Maxwell/Max_011_jampy.png
	:scale: 65 %
	:align: center
	:alt: Jam.py Sistema Integrado de Gestão - IMS for Brazilian Market (Portuguese)
|
.. image:: _Maxwell/Max_012_jampy.png
	:scale: 65 %
	:align: center
	:alt: Jam.py Sistema Integrado de Gestão - IMS for Brazilian Market (Portuguese)
|
.. image:: _Maxwell/Max_013_jampy.png
	:scale: 65 %
	:align: center
	:alt: Jam.py Sistema Integrado de Gestão - IMS for Brazilian Market (Portuguese)
|
.. image:: _Maxwell/Max_014_jampy.png
	:scale: 65 %
	:align: center
	:alt: Jam.py Sistema Integrado de Gestão - IMS for Brazilian Market (Portuguese)

|
.. image:: _Ari/Ari_01_jampy.png
	:scale: 65 %
	:align: center
	:alt: Jam.py Sistema Integrado de Gestão - IMS for Brazilian Market (Portuguese)
|
.. image:: _Ari/Ari_02_jampy.png
	:scale: 65 %
	:align: center
	:alt: Jam.py Sistema Integrado de Gestão - IMS for Brazilian Market (Portuguese)

|
.. image:: _Fabio/Fabio_01_jampy.png
	:scale: 65 %
	:align: center
	:alt: Jam.py SoftUp Enterprise Manager - IMS for Italian Market (Italian, English)
|
.. image:: _Fabio/Fabio_02_jampy.png
	:scale: 65 %
	:align: center
	:alt: Jam.py SoftUp Enterprise Manager - IMS for Italian Market (Italian, English)

|
.. image:: _Fabio/Fabio_03_jampy.png
	:scale: 65 %
	:align: center
	:alt: Jam.py SoftUp Enterprise Manager - IMS for Italian Market (Italian, English)
|
.. image:: _Fabio/Fabio_04.jpg
	:scale: 65 %
	:align: center
	:alt: Jam.py SoftUp Enterprise Manager - IMS for Italian Market (Italian, English)

|
.. image:: _Paul/Paul_01.jpg
	:scale: 65 %
	:align: center
	:alt: Jam.py Geodata
|
.. image:: _Paul/Paul_02.jpg
	:scale: 65 %
	:align: center
	:alt: Jam.py Geodata
|
.. image:: _Paul/Paul_03.jpg
	:scale: 65 %
	:align: center
	:alt: Jam.py Geodata
|
.. image:: _Tony/Tony_01_jampy.png
	:scale: 65 %
	:align: center
	:alt: Jam.py Warehouse App
|
.. image:: _Tony/Tony_03_jampy.png
	:scale: 65 %
	:align: center
	:alt: Jam.py Warehouse App
|
.. image:: _Tony/Tony_02_jampy.png
	:scale: 65 %
	:align: center
	:alt: Jam.py Warehouse App
|


